[35m[1mScanning dependencies of target std_msgs_generate_messages_cpp[0m
[35m[1mScanning dependencies of target sensor_msgs_generate_messages_cpp[0m
[35m[1mScanning dependencies of target std_msgs_generate_messages_lisp[0m
[  0%] Built target std_msgs_generate_messages_cpp
[  0%] Built target sensor_msgs_generate_messages_cpp
[  0%] Built target std_msgs_generate_messages_lisp
[35m[1mScanning dependencies of target sensor_msgs_generate_messages_lisp[0m
[35m[1mScanning dependencies of target sensor_msgs_generate_messages_eus[0m
[  0%] Built target sensor_msgs_generate_messages_lisp
[35m[1mScanning dependencies of target std_msgs_generate_messages_eus[0m
[  0%] Built target sensor_msgs_generate_messages_eus
[  0%] Built target std_msgs_generate_messages_eus
[35m[1mScanning dependencies of target std_msgs_generate_messages_nodejs[0m
[35m[1mScanning dependencies of target sensor_msgs_generate_messages_nodejs[0m
[  0%] Built target std_msgs_generate_messages_nodejs
[35m[1mScanning dependencies of target std_msgs_generate_messages_py[0m
[  0%] Built target sensor_msgs_generate_messages_nodejs
[35m[1mScanning dependencies of target sensor_msgs_generate_messages_py[0m
[  0%] Built target std_msgs_generate_messages_py
[  0%] Built target sensor_msgs_generate_messages_py
[35m[1mScanning dependencies of target auto_vehicle_generate_messages_cpp[0m
[  0%] Built target auto_vehicle_generate_messages_cpp
[35m[1mScanning dependencies of target auto_vehicle_generate_messages_lisp[0m
[  0%] Built target auto_vehicle_generate_messages_lisp
[35m[1mScanning dependencies of target auto_vehicle_generate_messages_eus[0m
[ 25%] [34m[1mGenerating EusLisp manifest code for auto_vehicle[0m
[35m[1mScanning dependencies of target auto_vehicle_generate_messages_py[0m
[ 25%] Built target auto_vehicle_generate_messages_py
[35m[1mScanning dependencies of target auto_vehicle_generate_messages_nodejs[0m
[35m[1mScanning dependencies of target automate_vehicle[0m
[ 25%] Built target auto_vehicle_generate_messages_nodejs
[ 50%] [32mBuilding CXX object CMakeFiles/automate_vehicle.dir/src/automate_vehicle.cc.o[0m
[ 75%] [32mBuilding CXX object CMakeFiles/automate_vehicle.dir/src/RoadDetector.cc.o[0m
[ 75%] Built target auto_vehicle_generate_messages_eus
[35m[1mScanning dependencies of target auto_vehicle_generate_messages[0m
[ 75%] Built target auto_vehicle_generate_messages
[100%] [32m[1mLinking CXX executable /home/rifat/code/ROS-lab/ROS1/catkin_ws/devel/.private/auto_vehicle/lib/auto_vehicle/automate_vehicle[0m
[100%] Built target automate_vehicle
