[35m[1mScanning dependencies of target nav_msgs_generate_messages_lisp[0m
[35m[1mScanning dependencies of target diagnostic_msgs_generate_messages_nodejs[0m
[35m[1mScanning dependencies of target visualization_msgs_generate_messages_lisp[0m
[35m[1mScanning dependencies of target gazebo_ros_diff_drive2[0m
[35m[1mScanning dependencies of target visualization_msgs_generate_messages_nodejs[0m
[35m[1mScanning dependencies of target visualization_msgs_generate_messages_py[0m
[35m[1mScanning dependencies of target polled_camera_generate_messages_py[0m
[  0%] Built target nav_msgs_generate_messages_lisp
[  0%] Built target diagnostic_msgs_generate_messages_nodejs
[  0%] Built target visualization_msgs_generate_messages_lisp
[  0%] Built target visualization_msgs_generate_messages_nodejs
[  0%] Built target polled_camera_generate_messages_py
[35m[1mScanning dependencies of target polled_camera_generate_messages_eus[0m
[35m[1mScanning dependencies of target polled_camera_generate_messages_lisp[0m
[35m[1mScanning dependencies of target polled_camera_generate_messages_cpp[0m
[  0%] Built target visualization_msgs_generate_messages_py
[35m[1mScanning dependencies of target dynamic_reconfigure_gencfg[0m
[35m[1mScanning dependencies of target dynamic_reconfigure_generate_messages_cpp[0m
[  0%] Built target polled_camera_generate_messages_eus
[  0%] Built target polled_camera_generate_messages_lisp
[  0%] Built target dynamic_reconfigure_generate_messages_cpp
[  0%] Built target dynamic_reconfigure_gencfg
[35m[1mScanning dependencies of target tf2_msgs_generate_messages_nodejs[0m
[  0%] Built target polled_camera_generate_messages_cpp
[35m[1mScanning dependencies of target tf2_msgs_generate_messages_lisp[0m
[35m[1mScanning dependencies of target dynamic_reconfigure_generate_messages_lisp[0m
[35m[1mScanning dependencies of target diagnostic_msgs_generate_messages_lisp[0m
[  0%] Built target tf2_msgs_generate_messages_nodejs
[35m[1mScanning dependencies of target tf2_msgs_generate_messages_cpp[0m
[35m[1mScanning dependencies of target actionlib_generate_messages_py[0m
[  0%] Built target tf2_msgs_generate_messages_lisp
[  0%] Built target dynamic_reconfigure_generate_messages_lisp
[  0%] Built target tf2_msgs_generate_messages_cpp
[  0%] Built target diagnostic_msgs_generate_messages_lisp
[35m[1mScanning dependencies of target actionlib_generate_messages_cpp[0m
[35m[1mScanning dependencies of target actionlib_generate_messages_nodejs[0m
[35m[1mScanning dependencies of target tf_generate_messages_cpp[0m
[35m[1mScanning dependencies of target tf_generate_messages_nodejs[0m
[  0%] Built target actionlib_generate_messages_py
[  0%] Built target actionlib_generate_messages_nodejs
[35m[1mScanning dependencies of target actionlib_msgs_generate_messages_py[0m
[  0%] Built target actionlib_generate_messages_cpp
[  0%] Built target tf_generate_messages_cpp
[ 14%] [32mBuilding CXX object CMakeFiles/gazebo_ros_diff_drive2.dir/src/gazebo_ros_diff_drive2.cpp.o[0m
[35m[1mScanning dependencies of target actionlib_msgs_generate_messages_eus[0m
[35m[1mScanning dependencies of target tf_generate_messages_lisp[0m
[35m[1mScanning dependencies of target dynamic_reconfigure_generate_messages_py[0m
[ 14%] Built target tf_generate_messages_nodejs
[ 14%] Built target actionlib_msgs_generate_messages_py
[35m[1mScanning dependencies of target actionlib_msgs_generate_messages_cpp[0m
[ 14%] Built target dynamic_reconfigure_generate_messages_py
[ 14%] Built target actionlib_msgs_generate_messages_eus
[35m[1mScanning dependencies of target nav_msgs_generate_messages_py[0m
[ 14%] Built target actionlib_msgs_generate_messages_cpp
[ 14%] Built target tf_generate_messages_lisp
[35m[1mScanning dependencies of target sensor_msgs_generate_messages_eus[0m
[35m[1mScanning dependencies of target visualization_msgs_generate_messages_cpp[0m
[ 14%] Built target nav_msgs_generate_messages_py
[35m[1mScanning dependencies of target roscpp_generate_messages_cpp[0m
[35m[1mScanning dependencies of target sensor_msgs_generate_messages_lisp[0m
[ 14%] Built target visualization_msgs_generate_messages_cpp
[ 14%] Built target sensor_msgs_generate_messages_eus
[35m[1mScanning dependencies of target geometry_msgs_generate_messages_py[0m
[ 14%] Built target roscpp_generate_messages_cpp
[ 14%] Built target sensor_msgs_generate_messages_lisp
[35m[1mScanning dependencies of target bond_generate_messages_lisp[0m
[ 14%] Built target geometry_msgs_generate_messages_py
[35m[1mScanning dependencies of target tf2_msgs_generate_messages_eus[0m
[35m[1mScanning dependencies of target sensor_msgs_generate_messages_py[0m
[35m[1mScanning dependencies of target geometry_msgs_generate_messages_eus[0m
[35m[1mScanning dependencies of target geometry_msgs_generate_messages_cpp[0m
[ 14%] Built target bond_generate_messages_lisp
[35m[1mScanning dependencies of target trajectory_msgs_generate_messages_lisp[0m
[ 14%] Built target tf2_msgs_generate_messages_eus
[ 14%] Built target sensor_msgs_generate_messages_py
[ 14%] Built target geometry_msgs_generate_messages_eus
[ 14%] Built target geometry_msgs_generate_messages_cpp
[ 14%] Built target trajectory_msgs_generate_messages_lisp
[35m[1mScanning dependencies of target trajectory_msgs_generate_messages_nodejs[0m
[35m[1mScanning dependencies of target nodelet_generate_messages_eus[0m
[35m[1mScanning dependencies of target gazebo_msgs_generate_messages_nodejs[0m
[35m[1mScanning dependencies of target diagnostic_msgs_generate_messages_eus[0m
[35m[1mScanning dependencies of target diagnostic_msgs_generate_messages_py[0m
[ 14%] Built target nodelet_generate_messages_eus
[ 14%] Built target trajectory_msgs_generate_messages_nodejs
[35m[1mScanning dependencies of target nav_msgs_generate_messages_nodejs[0m
[ 14%] Built target gazebo_msgs_generate_messages_nodejs
[ 14%] Built target diagnostic_msgs_generate_messages_eus
[35m[1mScanning dependencies of target sensor_msgs_generate_messages_cpp[0m
[ 14%] Built target diagnostic_msgs_generate_messages_py
[35m[1mScanning dependencies of target std_msgs_generate_messages_py[0m
[ 14%] Built target nav_msgs_generate_messages_nodejs
[ 14%] Built target sensor_msgs_generate_messages_cpp
[35m[1mScanning dependencies of target std_msgs_generate_messages_nodejs[0m
[35m[1mScanning dependencies of target nodelet_generate_messages_lisp[0m
[35m[1mScanning dependencies of target actionlib_generate_messages_lisp[0m
[ 14%] Built target std_msgs_generate_messages_py
[35m[1mScanning dependencies of target _catkin_empty_exported_target[0m
[35m[1mScanning dependencies of target roscpp_generate_messages_lisp[0m
[ 14%] Built target std_msgs_generate_messages_nodejs
[ 14%] Built target nodelet_generate_messages_lisp
[ 14%] Built target actionlib_generate_messages_lisp
[35m[1mScanning dependencies of target gazebo_msgs_generate_messages_cpp[0m
[ 14%] Built target roscpp_generate_messages_lisp
[ 14%] Built target _catkin_empty_exported_target
[35m[1mScanning dependencies of target std_msgs_generate_messages_lisp[0m
[35m[1mScanning dependencies of target nav_msgs_generate_messages_cpp[0m
[35m[1mScanning dependencies of target visualization_msgs_generate_messages_eus[0m
[ 14%] Built target gazebo_msgs_generate_messages_cpp
[35m[1mScanning dependencies of target tf_generate_messages_eus[0m
[35m[1mScanning dependencies of target rosgraph_msgs_generate_messages_lisp[0m
[ 14%] Built target visualization_msgs_generate_messages_eus
[ 14%] Built target nav_msgs_generate_messages_cpp
[35m[1mScanning dependencies of target diagnostic_msgs_generate_messages_cpp[0m
[ 14%] Built target std_msgs_generate_messages_lisp
[ 14%] Built target tf_generate_messages_eus
[ 14%] Built target rosgraph_msgs_generate_messages_lisp
[35m[1mScanning dependencies of target rosgraph_msgs_generate_messages_py[0m
[35m[1mScanning dependencies of target gazebo_msgs_generate_messages_py[0m
[35m[1mScanning dependencies of target std_srvs_generate_messages_cpp[0m
[ 14%] Built target diagnostic_msgs_generate_messages_cpp
[35m[1mScanning dependencies of target std_msgs_generate_messages_cpp[0m
[35m[1mScanning dependencies of target trajectory_msgs_generate_messages_cpp[0m
[ 14%] Built target rosgraph_msgs_generate_messages_py
[ 14%] Built target gazebo_msgs_generate_messages_py
[ 14%] Built target std_srvs_generate_messages_cpp
[35m[1mScanning dependencies of target dynamic_reconfigure_generate_messages_eus[0m
[ 14%] Built target trajectory_msgs_generate_messages_cpp
[ 14%] Built target std_msgs_generate_messages_cpp
[35m[1mScanning dependencies of target geometry_msgs_generate_messages_nodejs[0m
[ 14%] Built target dynamic_reconfigure_generate_messages_eus
[35m[1mScanning dependencies of target actionlib_msgs_generate_messages_nodejs[0m
[35m[1mScanning dependencies of target tf_generate_messages_py[0m
[35m[1mScanning dependencies of target gazebo_msgs_generate_messages_eus[0m
[35m[1mScanning dependencies of target geometry_msgs_generate_messages_lisp[0m
[ 14%] Built target actionlib_msgs_generate_messages_nodejs
[ 14%] Built target geometry_msgs_generate_messages_nodejs
[35m[1mScanning dependencies of target actionlib_msgs_generate_messages_lisp[0m
[ 14%] Built target tf_generate_messages_py
[ 14%] Built target gazebo_msgs_generate_messages_eus
[ 14%] Built target geometry_msgs_generate_messages_lisp
[ 14%] Built target actionlib_msgs_generate_messages_lisp
[35m[1mScanning dependencies of target std_msgs_generate_messages_eus[0m
[35m[1mScanning dependencies of target sensor_msgs_generate_messages_nodejs[0m
[35m[1mScanning dependencies of target dynamic_reconfigure_generate_messages_nodejs[0m
[35m[1mScanning dependencies of target tf2_msgs_generate_messages_py[0m
[35m[1mScanning dependencies of target bond_generate_messages_cpp[0m
[35m[1mScanning dependencies of target gazebo_msgs_generate_messages_lisp[0m
[ 14%] Built target std_msgs_generate_messages_eus
[ 14%] Built target sensor_msgs_generate_messages_nodejs
[ 14%] Built target dynamic_reconfigure_generate_messages_nodejs
[ 14%] Built target bond_generate_messages_cpp
[ 14%] Built target gazebo_msgs_generate_messages_lisp
[ 14%] Built target tf2_msgs_generate_messages_py
[35m[1mScanning dependencies of target bond_generate_messages_eus[0m
[35m[1mScanning dependencies of target std_srvs_generate_messages_eus[0m
[35m[1mScanning dependencies of target std_srvs_generate_messages_lisp[0m
[35m[1mScanning dependencies of target polled_camera_generate_messages_nodejs[0m
[35m[1mScanning dependencies of target std_srvs_generate_messages_py[0m
[ 14%] Built target bond_generate_messages_eus
[35m[1mScanning dependencies of target rosgraph_msgs_generate_messages_eus[0m
[ 14%] Built target polled_camera_generate_messages_nodejs
[ 14%] Built target std_srvs_generate_messages_lisp
[35m[1mScanning dependencies of target actionlib_generate_messages_eus[0m
[ 14%] Built target std_srvs_generate_messages_py
[ 14%] Built target rosgraph_msgs_generate_messages_eus
[35m[1mScanning dependencies of target rosgraph_msgs_generate_messages_cpp[0m
[ 14%] Built target std_srvs_generate_messages_eus
[35m[1mScanning dependencies of target roscpp_generate_messages_eus[0m
[ 14%] Built target actionlib_generate_messages_eus
[35m[1mScanning dependencies of target trajectory_msgs_generate_messages_py[0m
[35m[1mScanning dependencies of target roscpp_generate_messages_nodejs[0m
[ 14%] Built target rosgraph_msgs_generate_messages_cpp
[35m[1mScanning dependencies of target trajectory_msgs_generate_messages_eus[0m
[35m[1mScanning dependencies of target roscpp_generate_messages_py[0m
[ 14%] Built target roscpp_generate_messages_nodejs
[ 14%] Built target trajectory_msgs_generate_messages_py
[ 14%] Built target roscpp_generate_messages_eus
[ 14%] Built target trajectory_msgs_generate_messages_eus
[35m[1mScanning dependencies of target rosgraph_msgs_generate_messages_nodejs[0m
[ 14%] Built target roscpp_generate_messages_py
[35m[1mScanning dependencies of target nodelet_generate_messages_cpp[0m
[35m[1mScanning dependencies of target bond_generate_messages_nodejs[0m
[35m[1mScanning dependencies of target std_srvs_generate_messages_nodejs[0m
[35m[1mScanning dependencies of target nodelet_generate_messages_nodejs[0m
[35m[1mScanning dependencies of target nodelet_generate_messages_py[0m
[ 14%] Built target rosgraph_msgs_generate_messages_nodejs
[ 14%] Built target bond_generate_messages_nodejs
[ 14%] Built target nodelet_generate_messages_cpp
[ 14%] Built target nodelet_generate_messages_nodejs
[ 14%] Built target std_srvs_generate_messages_nodejs
[35m[1mScanning dependencies of target bond_generate_messages_py[0m
[ 14%] Built target nodelet_generate_messages_py
[35m[1mScanning dependencies of target nav_msgs_generate_messages_eus[0m
[ 14%] Built target bond_generate_messages_py
[ 14%] Built target nav_msgs_generate_messages_eus
[35m[1mScanning dependencies of target gazebo_plugins_gencfg[0m
[ 57%] [34m[1mGenerating dynamic reconfigure files from cfg/CameraSynchronizer.cfg: /home/rifat/code/ROS-lab/ROS1/catkin_ws/devel/.private/gazebo_plugins/include/gazebo_plugins/CameraSynchronizerConfig.h /home/rifat/code/ROS-lab/ROS1/catkin_ws/devel/.private/gazebo_plugins/lib/python3/dist-packages/gazebo_plugins/cfg/CameraSynchronizerConfig.py[0m
[ 57%] [34m[1mGenerating dynamic reconfigure files from cfg/Hokuyo.cfg: /home/rifat/code/ROS-lab/ROS1/catkin_ws/devel/.private/gazebo_plugins/include/gazebo_plugins/HokuyoConfig.h /home/rifat/code/ROS-lab/ROS1/catkin_ws/devel/.private/gazebo_plugins/lib/python3/dist-packages/gazebo_plugins/cfg/HokuyoConfig.py[0m
[ 71%] [34m[1mGenerating dynamic reconfigure files from cfg/GazeboRosOpenniKinect.cfg: /home/rifat/code/ROS-lab/ROS1/catkin_ws/devel/.private/gazebo_plugins/include/gazebo_plugins/GazeboRosOpenniKinectConfig.h /home/rifat/code/ROS-lab/ROS1/catkin_ws/devel/.private/gazebo_plugins/lib/python3/dist-packages/gazebo_plugins/cfg/GazeboRosOpenniKinectConfig.py[0m
[ 57%] [34m[1mGenerating dynamic reconfigure files from cfg/GazeboRosCamera.cfg: /home/rifat/code/ROS-lab/ROS1/catkin_ws/devel/.private/gazebo_plugins/include/gazebo_plugins/GazeboRosCameraConfig.h /home/rifat/code/ROS-lab/ROS1/catkin_ws/devel/.private/gazebo_plugins/lib/python3/dist-packages/gazebo_plugins/cfg/GazeboRosCameraConfig.py[0m
[ 85%] [34m[1mGenerating dynamic reconfigure files from cfg/WheelSlip.cfg: /home/rifat/code/ROS-lab/ROS1/catkin_ws/devel/.private/gazebo_plugins/include/gazebo_plugins/WheelSlipConfig.h /home/rifat/code/ROS-lab/ROS1/catkin_ws/devel/.private/gazebo_plugins/lib/python3/dist-packages/gazebo_plugins/cfg/WheelSlipConfig.py[0m
Generating reconfiguration files for CameraSynchronizer in gazebo_plugins
Wrote header file in /home/rifat/code/ROS-lab/ROS1/catkin_ws/devel/.private/gazebo_plugins/include/gazebo_plugins/CameraSynchronizerConfig.h
Generating reconfiguration files for WheelSlip in gazebo_plugins
Wrote header file in /home/rifat/code/ROS-lab/ROS1/catkin_ws/devel/.private/gazebo_plugins/include/gazebo_plugins/WheelSlipConfig.h
Generating reconfiguration files for GazeboRosOpenniKinect in gazebo_plugins
Wrote header file in /home/rifat/code/ROS-lab/ROS1/catkin_ws/devel/.private/gazebo_plugins/include/gazebo_plugins/GazeboRosOpenniKinectConfig.h
Generating reconfiguration files for Hokuyo in gazebo_plugins
Wrote header file in /home/rifat/code/ROS-lab/ROS1/catkin_ws/devel/.private/gazebo_plugins/include/gazebo_plugins/HokuyoConfig.h
Generating reconfiguration files for GazeboRosCamera in gazebo_plugins
Wrote header file in /home/rifat/code/ROS-lab/ROS1/catkin_ws/devel/.private/gazebo_plugins/include/gazebo_plugins/GazeboRosCameraConfig.h
[ 85%] Built target gazebo_plugins_gencfg
[100%] [32m[1mLinking CXX shared library /home/rifat/code/ROS-lab/ROS1/catkin_ws/devel/.private/gazebo_plugins/lib/libgazebo_ros_diff_drive2.so[0m
[100%] Built target gazebo_ros_diff_drive2
