Symlinking /home/rifat/code/ROS-lab/ROS1/catkin_ws/devel/share/gazebo_plugins/docs/GazeboRosOpenniKinectConfig.wikidoc
Symlinking /home/rifat/code/ROS-lab/ROS1/catkin_ws/devel/share/gazebo_plugins/docs/GazeboRosCameraConfig-usage.dox
Symlinking /home/rifat/code/ROS-lab/ROS1/catkin_ws/devel/share/gazebo_plugins/docs/WheelSlipConfig-usage.dox
Symlinking /home/rifat/code/ROS-lab/ROS1/catkin_ws/devel/share/gazebo_plugins/docs/HokuyoConfig.dox
Symlinking /home/rifat/code/ROS-lab/ROS1/catkin_ws/devel/share/gazebo_plugins/docs/WheelSlipConfig.wikidoc
Symlinking /home/rifat/code/ROS-lab/ROS1/catkin_ws/devel/share/gazebo_plugins/docs/CameraSynchronizerConfig.wikidoc
Symlinking /home/rifat/code/ROS-lab/ROS1/catkin_ws/devel/share/gazebo_plugins/docs/CameraSynchronizerConfig.dox
Symlinking /home/rifat/code/ROS-lab/ROS1/catkin_ws/devel/share/gazebo_plugins/docs/CameraSynchronizerConfig-usage.dox
Symlinking /home/rifat/code/ROS-lab/ROS1/catkin_ws/devel/share/gazebo_plugins/docs/HokuyoConfig-usage.dox
Symlinking /home/rifat/code/ROS-lab/ROS1/catkin_ws/devel/share/gazebo_plugins/docs/GazeboRosOpenniKinectConfig.dox
Symlinking /home/rifat/code/ROS-lab/ROS1/catkin_ws/devel/share/gazebo_plugins/docs/GazeboRosOpenniKinectConfig-usage.dox
Symlinking /home/rifat/code/ROS-lab/ROS1/catkin_ws/devel/share/gazebo_plugins/docs/HokuyoConfig.wikidoc
Symlinking /home/rifat/code/ROS-lab/ROS1/catkin_ws/devel/share/gazebo_plugins/docs/GazeboRosCameraConfig.wikidoc
Symlinking /home/rifat/code/ROS-lab/ROS1/catkin_ws/devel/share/gazebo_plugins/docs/WheelSlipConfig.dox
Symlinking /home/rifat/code/ROS-lab/ROS1/catkin_ws/devel/share/gazebo_plugins/docs/GazeboRosCameraConfig.dox
Symlinking /home/rifat/code/ROS-lab/ROS1/catkin_ws/devel/share/gazebo_plugins/cmake/gazebo_pluginsConfig.cmake
Symlinking /home/rifat/code/ROS-lab/ROS1/catkin_ws/devel/share/gazebo_plugins/cmake/gazebo_pluginsConfig-version.cmake
Symlinking /home/rifat/code/ROS-lab/ROS1/catkin_ws/devel/include/gazebo_plugins/WheelSlipConfig.h
Symlinking /home/rifat/code/ROS-lab/ROS1/catkin_ws/devel/include/gazebo_plugins/CameraSynchronizerConfig.h
Symlinking /home/rifat/code/ROS-lab/ROS1/catkin_ws/devel/include/gazebo_plugins/GazeboRosOpenniKinectConfig.h
Symlinking /home/rifat/code/ROS-lab/ROS1/catkin_ws/devel/include/gazebo_plugins/HokuyoConfig.h
Symlinking /home/rifat/code/ROS-lab/ROS1/catkin_ws/devel/include/gazebo_plugins/GazeboRosCameraConfig.h
Symlinking /home/rifat/code/ROS-lab/ROS1/catkin_ws/devel/lib/libgazebo_ros_diff_drive2.so
Symlinking /home/rifat/code/ROS-lab/ROS1/catkin_ws/devel/lib/python3/dist-packages/gazebo_plugins/__init__.py
Symlinking /home/rifat/code/ROS-lab/ROS1/catkin_ws/devel/lib/python3/dist-packages/gazebo_plugins/cfg/GazeboRosCameraConfig.py
Symlinking /home/rifat/code/ROS-lab/ROS1/catkin_ws/devel/lib/python3/dist-packages/gazebo_plugins/cfg/GazeboRosOpenniKinectConfig.py
Symlinking /home/rifat/code/ROS-lab/ROS1/catkin_ws/devel/lib/python3/dist-packages/gazebo_plugins/cfg/CameraSynchronizerConfig.py
Symlinking /home/rifat/code/ROS-lab/ROS1/catkin_ws/devel/lib/python3/dist-packages/gazebo_plugins/cfg/__init__.py
Symlinking /home/rifat/code/ROS-lab/ROS1/catkin_ws/devel/lib/python3/dist-packages/gazebo_plugins/cfg/HokuyoConfig.py
Symlinking /home/rifat/code/ROS-lab/ROS1/catkin_ws/devel/lib/python3/dist-packages/gazebo_plugins/cfg/WheelSlipConfig.py
Symlinking /home/rifat/code/ROS-lab/ROS1/catkin_ws/devel/lib/pkgconfig/gazebo_plugins.pc
